\BOOKMARK [0][-]{chapter*.2}{\376\377\000\332\000v\000o\000d}{}% 1
\BOOKMARK [0][-]{chapter.1}{\376\377\000T\000e\000o\000r\000e\000t\000i\000c\000k\000\375\000\040\000z\000\341\000k\000l\000a\000d}{}% 2
\BOOKMARK [1][-]{section.1.1}{\376\377\000S\000f\000\351\000r\000i\000c\000k\000\341\000\040\000s\000o\000u\000s\000t\000a\000v\000a\000\040\000s\000o\000u\001\131\000a\000d\000n\000i\000c}{chapter.1}% 3
\BOOKMARK [1][-]{section.1.2}{\376\377\000O\000h\000n\000i\000s\000k\000o\000v\000\341\000\040\000v\000z\000d\000\341\000l\000e\000n\000o\000s\000t\000\040\000a\000\040\000z\000o\000r\000n\000\375\000\040\000\372\000h\000e\000l}{chapter.1}% 4
\BOOKMARK [1][-]{section.1.3}{\376\377\000N\000a\000l\000e\000z\000e\000n\000\355\000\040\000b\000o\000d\000u\000\040\000n\000a\000\040\000o\000b\000l\000o\000z\000e}{chapter.1}% 5
\BOOKMARK [1][-]{section.1.4}{\376\377\000R\000a\000d\000i\000o\000m\000e\000t\000r\000i\000e\000,\000\040\000f\000o\000t\000o\000m\000e\000t\000r\000i\000e\000\040\000a\000\040\000s\000p\000e\000k\000t\000r\000o\000m\000e\000t\000r\000i\000e}{chapter.1}% 6
\BOOKMARK [1][-]{section.1.5}{\376\377\000P\000e\000r\000e\000z\001\157\000v\000\040\000m\000o\000d\000e\000l\000\040\000o\000b\000l\000o\000h\000y}{chapter.1}% 7
\BOOKMARK [1][-]{section.1.6}{\376\377\000P\000r\000a\001\176\000s\000k\000\375\000\040\000m\000o\000d\000e\000l\000\040\000o\000b\000l\000o\000h\000y}{chapter.1}% 8
\BOOKMARK [2][-]{subsection.1.6.1}{\376\377\000M\000a\000t\000e\000m\000a\000t\000i\000c\000k\000\375\000\040\000p\000o\000p\000i\000s}{section.1.6}% 9
\BOOKMARK [2][-]{subsection.1.6.2}{\376\377\000V\000y\000u\001\176\000i\000t\000\355}{section.1.6}% 10
\BOOKMARK [0][-]{chapter.2}{\376\377\000A\000n\000a\000l\000\375\000z\000a\000\040\000p\000r\000o\000g\000r\000a\000m\000u}{}% 11
\BOOKMARK [1][-]{section.2.1}{\376\377\000Z\000d\000r\000o\000j\000o\000v\000\341\000\040\000d\000a\000t\000a}{chapter.2}% 12
\BOOKMARK [1][-]{section.2.2}{\376\377\000P\001\131\000\355\000p\000r\000a\000v\000a\000\040\000d\000a\000t\000a\000s\000e\000t\000u}{chapter.2}% 13
\BOOKMARK [1][-]{section.2.3}{\376\377\000C\000o\000\040\000d\001\033\000l\000\341\000\040\000L\000a\000l\000o\000n\000d\000e\000\040\000T\000O\000D\000O}{chapter.2}% 14
\BOOKMARK [1][-]{section.2.4}{\376\377\000\332\000p\000r\000a\000v\000a\000\040\000p\000r\000\341\000c\000e}{chapter.2}% 15
\BOOKMARK [1][-]{section.2.5}{\376\377\000J\000e\000d\000n\000o\000d\000u\000c\000h\000\351\000\040\000p\001\131\000\355\000k\000l\000a\000d\000y}{chapter.2}% 16
\BOOKMARK [1][-]{section.2.6}{\376\377\000M\000a\000t\000e\000m\000a\000t\000i\000c\000k\000\351\000\040\000v\000z\000o\000r\000c\000e\000\040\000a\000\040\000v\000\375\000r\000a\000z\000y}{chapter.2}% 17
\BOOKMARK [1][-]{section.2.7}{\376\377\000D\000e\000f\000i\000n\000i\000c\000e\000,\000\040\000v\001\033\000t\000y\000,\000\040\000d\001\157\000k\000a\000z\000y\000,\000\040\040\046}{chapter.2}% 18
\BOOKMARK [0][-]{chapter.3}{\376\377\000O\000d\000k\000a\000z\000y\000\040\000n\000a\000\040\000l\000i\000t\000e\000r\000a\000t\000u\000r\000u}{}% 19
\BOOKMARK [1][-]{section.3.1}{\376\377\000N\001\033\000k\000o\000l\000i\000k\000\040\000u\000k\000\341\000z\000e\000k}{chapter.3}% 20
\BOOKMARK [0][-]{chapter.4}{\376\377\000T\000a\000b\000u\000l\000k\000y\000,\000\040\000o\000b\000r\000\341\000z\000k\000y\000,\000\040\000p\000r\000o\000g\000r\000a\000m\000y}{}% 21
\BOOKMARK [1][-]{section.4.1}{\376\377\000T\000a\000b\000u\000l\000k\000y}{chapter.4}% 22
\BOOKMARK [1][-]{section.4.2}{\376\377\000O\000b\000r\000\341\000z\000k\000y}{chapter.4}% 23
\BOOKMARK [1][-]{section.4.3}{\376\377\000P\000r\000o\000g\000r\000a\000m\000y}{chapter.4}% 24
\BOOKMARK [0][-]{chapter.5}{\376\377\000F\000o\000r\000m\000\341\000t\000\040\000P\000D\000F\000/\000A}{}% 25
\BOOKMARK [0][-]{chapter*.3}{\376\377\000Z\000\341\000v\001\033\000r}{}% 26
\BOOKMARK [0][-]{chapter*.4}{\376\377\000S\000e\000z\000n\000a\000m\000\040\000p\000o\000u\001\176\000i\000t\000\351\000\040\000l\000i\000t\000e\000r\000a\000t\000u\000r\000y}{}% 27
\BOOKMARK [0][-]{chapter*.5}{\376\377\000S\000e\000z\000n\000a\000m\000\040\000o\000b\000r\000\341\000z\000k\001\157}{}% 28
\BOOKMARK [0][-]{chapter*.6}{\376\377\000S\000e\000z\000n\000a\000m\000\040\000t\000a\000b\000u\000l\000e\000k}{}% 29
\BOOKMARK [0][-]{chapter*.7}{\376\377\000S\000e\000z\000n\000a\000m\000\040\000p\000o\000u\001\176\000i\000t\000\375\000c\000h\000\040\000z\000k\000r\000a\000t\000e\000k}{}% 30
\BOOKMARK [0][-]{chapter*.8}{\376\377\000S\000e\000z\000n\000a\000m\000\040\000p\000u\000b\000l\000i\000k\000a\000c\000\355}{}% 31
\BOOKMARK [0][-]{appendix.A}{\376\377\000P\001\131\000\355\000l\000o\000h\000y}{}% 32
\BOOKMARK [1][-]{section.A.1}{\376\377\000P\000r\000v\000n\000\355\000\040\000p\001\131\000\355\000l\000o\000h\000a}{appendix.A}% 33
